maxTotalPoints: 45
messages: []
mode: all
parts:
- maxPoints: 2
  maxSeconds: 10
  messages: []
  name: 2.1.1a-0
  points: 2
  seconds: 0
- maxPoints: 3
  maxSeconds: 10
  messages: []
  name: 2.1.1a-1
  points: 3
  seconds: 0
- maxPoints: 5
  maxSeconds: 10
  messages: []
  name: 2.1.2a
  points: 5
  seconds: 0
- maxPoints: 5
  maxSeconds: 10
  messages: []
  name: 2.1.2b
  points: 5
  seconds: 0
- maxPoints: 0
  maxSeconds: 10
  messages: []
  name: 2.1.3a-0
  points: 0
  seconds: 0
- maxPoints: 10
  maxSeconds: 45
  messages: []
  name: 2.1.3a-1
  points: 10
  seconds: 4
- maxPoints: 5
  maxSeconds: 10
  messages: []
  name: 2.1.3b-0
  points: 5
  seconds: 0
- maxPoints: 15
  maxSeconds: 10
  messages: []
  name: 2.3a-0
  points: 15
  seconds: 0
totalPoints: 45
