maxTotalPoints: 55
messages: []
mode: all
parts:
- maxPoints: 10
  maxSeconds: 1
  messages: []
  name: 3.1a-0
  points: 10
  seconds: 0
- maxPoints: 2
  maxSeconds: 1
  messages: []
  name: 3.1b-0
  points: 2
  seconds: 0
- maxPoints: 0
  maxSeconds: 1
  messages: []
  name: 3.1b-1
  points: 0
  seconds: 0
- maxPoints: 8
  maxSeconds: 1
  messages: []
  name: 3.1b-2
  points: 8
  seconds: 0
- maxPoints: 0
  maxSeconds: 1
  messages: []
  name: 3.1b-3
  points: 0
  seconds: 0
- maxPoints: 1
  maxSeconds: 1
  messages: []
  name: 3.1c-0
  points: 1
  seconds: 0
- maxPoints: 9
  maxSeconds: 1
  messages: []
  name: 3.1c-1
  points: 9
  seconds: 0
- maxPoints: 10
  maxSeconds: 1
  messages: []
  name: 3.2a-0
  points: 10
  seconds: 0
- maxPoints: 5
  maxSeconds: 5
  messages: []
  name: 3.3a
  points: 5
  seconds: 0
- maxPoints: 5
  maxSeconds: 5
  messages: []
  name: 3.3b
  points: 5
  seconds: 0
- maxPoints: 5
  maxSeconds: 5
  messages: []
  name: 3.3c
  points: 5
  seconds: 0
totalPoints: 55
